This is pdfTeX, Version 3.14159265-2.6-1.40.15 (TeX Live 2014) (preloaded format=pdflatex 2015.5.20)  25 APR 2016 14:23
entering extended mode
 restricted \write18 enabled.
 %&-line parsing enabled.
**main.tex
(./main.tex
LaTeX2e <2014/05/01>
Babel <3.9l> and hyphenation patterns for 79 languages loaded.
(./mitthesis.cls
Document Class: mitthesis 1999/10/20
\vithesis=\count79
(/math/software/pkg/texlive/texlive-2014/texmf-dist/tex/latex/base/report.cls
Document Class: report 2014/09/29 v1.4h Standard LaTeX document class
(/math/software/pkg/texlive/texlive-2014/texmf-dist/tex/latex/base/size12.clo
File: size12.clo 2014/09/29 v1.4h Standard LaTeX file (size option)
)
\c@part=\count80
\c@chapter=\count81
\c@section=\count82
\c@subsection=\count83
\c@subsubsection=\count84
\c@paragraph=\count85
\c@subparagraph=\count86
\c@figure=\count87
\c@table=\count88
\abovecaptionskip=\skip41
\belowcaptionskip=\skip42
\bibindent=\dimen102
)
(/math/software/pkg/texlive/texlive-2014/texmf-dist/tex/latex/setspace/setspace
.sty
Package: setspace 2011/12/19 v6.7a set line spacing
)
Thesis document copyright MIT unless otherwise (manually) specified
\@titlesupervisor=\box26
\@abstractsupervisor=\box27
\c@savepage=\count89
) (./lgrind.sty
Package: lgrind 1997/01/30 v3.4 LGrind environment and supporting stuff
\lc@unt=\count90
\ln@xt=\count91
\LGnuminterval=\count92
\LGindent=\skip43
\LGsloppy=\skip44
\procbox=\box28
\ls@far=\box29
\tb@x=\box30
\TBw@d=\dimen103
\@ts=\dimen104
)
(/math/software/pkg/texlive/texlive-2014/texmf-dist/tex/latex/cmap/cmap.sty
Package: cmap 2008/03/06 v1.0h CMap support: searchable PDF
)
(/math/software/pkg/texlive/texlive-2014/texmf-dist/tex/latex/base/fontenc.sty
Package: fontenc 2005/09/27 v1.99g Standard LaTeX package

(/math/software/pkg/texlive/texlive-2014/texmf-dist/tex/latex/base/t1enc.def
File: t1enc.def 2005/09/27 v1.99g Standard LaTeX file
LaTeX Font Info:    Redeclaring font encoding T1 on input line 43.
)<<t1.cmap>>)
(/math/software/pkg/texlive/texlive-2014/texmf-dist/tex/latex/amsmath/amsmath.s
ty
Package: amsmath 2013/01/14 v2.14 AMS math features
\@mathmargin=\skip45

For additional information on amsmath, use the `?' option.

(/math/software/pkg/texlive/texlive-2014/texmf-dist/tex/latex/amsmath/amstext.s
ty
Package: amstext 2000/06/29 v2.01

(/math/software/pkg/texlive/texlive-2014/texmf-dist/tex/latex/amsmath/amsgen.st
y
File: amsgen.sty 1999/11/30 v2.0
\@emptytoks=\toks14
\ex@=\dimen105
))
(/math/software/pkg/texlive/texlive-2014/texmf-dist/tex/latex/amsmath/amsbsy.st
y
Package: amsbsy 1999/11/29 v1.2d
\pmbraise@=\dimen106
)
(/math/software/pkg/texlive/texlive-2014/texmf-dist/tex/latex/amsmath/amsopn.st
y
Package: amsopn 1999/12/14 v2.01 operator names
)
\inf@bad=\count93
LaTeX Info: Redefining \frac on input line 210.
\uproot@=\count94
\leftroot@=\count95
LaTeX Info: Redefining \overline on input line 306.
\classnum@=\count96
\DOTSCASE@=\count97
LaTeX Info: Redefining \ldots on input line 378.
LaTeX Info: Redefining \dots on input line 381.
LaTeX Info: Redefining \cdots on input line 466.
\Mathstrutbox@=\box31
\strutbox@=\box32
\big@size=\dimen107
LaTeX Font Info:    Redeclaring font encoding OML on input line 566.
LaTeX Font Info:    Redeclaring font encoding OMS on input line 567.
\macc@depth=\count98
\c@MaxMatrixCols=\count99
\dotsspace@=\muskip10
\c@parentequation=\count100
\dspbrk@lvl=\count101
\tag@help=\toks15
\row@=\count102
\column@=\count103
\maxfields@=\count104
\andhelp@=\toks16
\eqnshift@=\dimen108
\alignsep@=\dimen109
\tagshift@=\dimen110
\tagwidth@=\dimen111
\totwidth@=\dimen112
\lineht@=\dimen113
\@envbody=\toks17
\multlinegap=\skip46
\multlinetaggap=\skip47
\mathdisplay@stack=\toks18
LaTeX Info: Redefining \[ on input line 2665.
LaTeX Info: Redefining \] on input line 2666.
)
(/math/software/pkg/texlive/texlive-2014/texmf-dist/tex/latex/amsfonts/amssymb.
sty
Package: amssymb 2013/01/14 v3.01 AMS font symbols

(/math/software/pkg/texlive/texlive-2014/texmf-dist/tex/latex/amsfonts/amsfonts
.sty
Package: amsfonts 2013/01/14 v3.01 Basic AMSFonts support
\symAMSa=\mathgroup4
\symAMSb=\mathgroup5
LaTeX Font Info:    Overwriting math alphabet `\mathfrak' in version `bold'
(Font)                  U/euf/m/n --> U/euf/b/n on input line 106.
))
(/math/software/pkg/texlive/texlive-2014/texmf-dist/tex/latex/amscls/amsthm.sty
Package: amsthm 2009/07/02 v2.20.1
\thm@style=\toks19
\thm@bodyfont=\toks20
\thm@headfont=\toks21
\thm@notefont=\toks22
\thm@headpunct=\toks23
\thm@preskip=\skip48
\thm@postskip=\skip49
\thm@headsep=\skip50
\dth@everypar=\toks24
)
(/math/software/pkg/texlive/texlive-2014/texmf-dist/tex/latex/jknapltx/mathrsfs
.sty
Package: mathrsfs 1996/01/01 Math RSFS package v1.0 (jk)
\symrsfs=\mathgroup6
)
(/math/software/pkg/texlive/texlive-2014/texmf-dist/tex/latex/graphics/lscape.s
ty
Package: lscape 2000/10/22 v3.01 Landscape Pages (DPC)

(/math/software/pkg/texlive/texlive-2014/texmf-dist/tex/latex/graphics/graphics
.sty
Package: graphics 2014/10/28 v1.0p Standard LaTeX Graphics (DPC,SPQR)

(/math/software/pkg/texlive/texlive-2014/texmf-dist/tex/latex/graphics/trig.sty
Package: trig 1999/03/16 v1.09 sin cos tan (DPC)
)
(/math/software/pkg/texlive/texlive-2014/texmf-dist/tex/latex/latexconfig/graph
ics.cfg
File: graphics.cfg 2010/04/23 v1.9 graphics configuration of TeX Live
)
Package graphics Info: Driver file: pdftex.def on input line 91.

(/math/software/pkg/texlive/texlive-2014/texmf-dist/tex/latex/pdftex-def/pdftex
.def
File: pdftex.def 2011/05/27 v0.06d Graphics/color for pdfTeX

(/math/software/pkg/texlive/texlive-2014/texmf-dist/tex/generic/oberdiek/infwar
err.sty
Package: infwarerr 2010/04/08 v1.3 Providing info/warning/error messages (HO)
)
(/math/software/pkg/texlive/texlive-2014/texmf-dist/tex/generic/oberdiek/ltxcmd
s.sty
Package: ltxcmds 2011/11/09 v1.22 LaTeX kernel commands for general use (HO)
)
\Gread@gobject=\count105
)))
(/math/software/pkg/texlive/texlive-2014/texmf-dist/tex/latex/graphics/graphicx
.sty
Package: graphicx 2014/10/28 v1.0g Enhanced LaTeX Graphics (DPC,SPQR)

(/math/software/pkg/texlive/texlive-2014/texmf-dist/tex/latex/graphics/keyval.s
ty
Package: keyval 2014/10/28 v1.15 key=value parser (DPC)
\KV@toks@=\toks25
)
\Gin@req@height=\dimen114
\Gin@req@width=\dimen115
)
(/math/software/pkg/texlive/texlive-2014/texmf-dist/tex/latex/graphics/color.st
y
Package: color 2014/10/28 v1.1a Standard LaTeX Color (DPC)

(/math/software/pkg/texlive/texlive-2014/texmf-dist/tex/latex/latexconfig/color
.cfg
File: color.cfg 2007/01/18 v1.5 color configuration of teTeX/TeXLive
)
Package color Info: Driver file: pdftex.def on input line 137.
)
(/math/software/pkg/texlive/texlive-2014/texmf-dist/tex/latex/tools/enumerate.s
ty
Package: enumerate 2014/10/28 v3.00 enumerate extensions (DPC)
\@enLab=\toks26
)
(/math/software/pkg/texlive/texlive-2014/texmf-dist/tex/latex/base/textcomp.sty
Package: textcomp 2005/09/27 v1.99g Standard LaTeX package
Package textcomp Info: Sub-encoding information:
(textcomp)               5 = only ISO-Adobe without \textcurrency
(textcomp)               4 = 5 + \texteuro
(textcomp)               3 = 4 + \textohm
(textcomp)               2 = 3 + \textestimated + \textcurrency
(textcomp)               1 = TS1 - \textcircled - \t
(textcomp)               0 = TS1 (full)
(textcomp)             Font families with sub-encoding setting implement
(textcomp)             only a restricted character set as indicated.
(textcomp)             Family '?' is the default used for unknown fonts.
(textcomp)             See the documentation for details.
Package textcomp Info: Setting ? sub-encoding to TS1/1 on input line 71.
(/math/software/pkg/texlive/texlive-2014/texmf-dist/tex/latex/base/ts1enc.def
File: ts1enc.def 2001/06/05 v3.0e (jk/car/fm) Standard LaTeX file
)
LaTeX Info: Redefining \oldstylenums on input line 266.
Package textcomp Info: Setting cmr sub-encoding to TS1/0 on input line 281.
Package textcomp Info: Setting cmss sub-encoding to TS1/0 on input line 282.
Package textcomp Info: Setting cmtt sub-encoding to TS1/0 on input line 283.
Package textcomp Info: Setting cmvtt sub-encoding to TS1/0 on input line 284.
Package textcomp Info: Setting cmbr sub-encoding to TS1/0 on input line 285.
Package textcomp Info: Setting cmtl sub-encoding to TS1/0 on input line 286.
Package textcomp Info: Setting ccr sub-encoding to TS1/0 on input line 287.
Package textcomp Info: Setting ptm sub-encoding to TS1/4 on input line 288.
Package textcomp Info: Setting pcr sub-encoding to TS1/4 on input line 289.
Package textcomp Info: Setting phv sub-encoding to TS1/4 on input line 290.
Package textcomp Info: Setting ppl sub-encoding to TS1/3 on input line 291.
Package textcomp Info: Setting pag sub-encoding to TS1/4 on input line 292.
Package textcomp Info: Setting pbk sub-encoding to TS1/4 on input line 293.
Package textcomp Info: Setting pnc sub-encoding to TS1/4 on input line 294.
Package textcomp Info: Setting pzc sub-encoding to TS1/4 on input line 295.
Package textcomp Info: Setting bch sub-encoding to TS1/4 on input line 296.
Package textcomp Info: Setting put sub-encoding to TS1/5 on input line 297.
Package textcomp Info: Setting uag sub-encoding to TS1/5 on input line 298.
Package textcomp Info: Setting ugq sub-encoding to TS1/5 on input line 299.
Package textcomp Info: Setting ul8 sub-encoding to TS1/4 on input line 300.
Package textcomp Info: Setting ul9 sub-encoding to TS1/4 on input line 301.
Package textcomp Info: Setting augie sub-encoding to TS1/5 on input line 302.
Package textcomp Info: Setting dayrom sub-encoding to TS1/3 on input line 303.
Package textcomp Info: Setting dayroms sub-encoding to TS1/3 on input line 304.

Package textcomp Info: Setting pxr sub-encoding to TS1/0 on input line 305.
Package textcomp Info: Setting pxss sub-encoding to TS1/0 on input line 306.
Package textcomp Info: Setting pxtt sub-encoding to TS1/0 on input line 307.
Package textcomp Info: Setting txr sub-encoding to TS1/0 on input line 308.
Package textcomp Info: Setting txss sub-encoding to TS1/0 on input line 309.
Package textcomp Info: Setting txtt sub-encoding to TS1/0 on input line 310.
Package textcomp Info: Setting lmr sub-encoding to TS1/0 on input line 311.
Package textcomp Info: Setting lmdh sub-encoding to TS1/0 on input line 312.
Package textcomp Info: Setting lmss sub-encoding to TS1/0 on input line 313.
Package textcomp Info: Setting lmssq sub-encoding to TS1/0 on input line 314.
Package textcomp Info: Setting lmvtt sub-encoding to TS1/0 on input line 315.
Package textcomp Info: Setting qhv sub-encoding to TS1/0 on input line 316.
Package textcomp Info: Setting qag sub-encoding to TS1/0 on input line 317.
Package textcomp Info: Setting qbk sub-encoding to TS1/0 on input line 318.
Package textcomp Info: Setting qcr sub-encoding to TS1/0 on input line 319.
Package textcomp Info: Setting qcs sub-encoding to TS1/0 on input line 320.
Package textcomp Info: Setting qpl sub-encoding to TS1/0 on input line 321.
Package textcomp Info: Setting qtm sub-encoding to TS1/0 on input line 322.
Package textcomp Info: Setting qzc sub-encoding to TS1/0 on input line 323.
Package textcomp Info: Setting qhvc sub-encoding to TS1/0 on input line 324.
Package textcomp Info: Setting futs sub-encoding to TS1/4 on input line 325.
Package textcomp Info: Setting futx sub-encoding to TS1/4 on input line 326.
Package textcomp Info: Setting futj sub-encoding to TS1/4 on input line 327.
Package textcomp Info: Setting hlh sub-encoding to TS1/3 on input line 328.
Package textcomp Info: Setting hls sub-encoding to TS1/3 on input line 329.
Package textcomp Info: Setting hlst sub-encoding to TS1/3 on input line 330.
Package textcomp Info: Setting hlct sub-encoding to TS1/5 on input line 331.
Package textcomp Info: Setting hlx sub-encoding to TS1/5 on input line 332.
Package textcomp Info: Setting hlce sub-encoding to TS1/5 on input line 333.
Package textcomp Info: Setting hlcn sub-encoding to TS1/5 on input line 334.
Package textcomp Info: Setting hlcw sub-encoding to TS1/5 on input line 335.
Package textcomp Info: Setting hlcf sub-encoding to TS1/5 on input line 336.
Package textcomp Info: Setting pplx sub-encoding to TS1/3 on input line 337.
Package textcomp Info: Setting pplj sub-encoding to TS1/3 on input line 338.
Package textcomp Info: Setting ptmx sub-encoding to TS1/4 on input line 339.
Package textcomp Info: Setting ptmj sub-encoding to TS1/4 on input line 340.
)
(/math/software/pkg/texlive/texlive-2014/texmf-dist/tex/latex/oberdiek/colonequ
als.sty
Package: colonequals 2006/08/01 v1.0 Colon equals symbols (HO)
) (./fullpage.sty
Style Option FULLPAGE Version 2 as of 15 Dec 1988
) (/math/software/pkg/texlive/texlive-2014/texmf-dist/tex/latex/url/url.sty
\Urlmuskip=\muskip11
Package: url 2013/09/16  ver 3.4  Verb mode for urls, etc.
)
(/math/software/pkg/texlive/texlive-2014/texmf-dist/tex/latex/float/float.sty
Package: float 2001/11/08 v1.3d Float enhancements (AL)
\c@float@type=\count106
\float@exts=\toks27
\float@box=\box33
\@float@everytoks=\toks28
\@floatcapt=\box34
)
(/math/software/pkg/texlive/texlive-2014/texmf-dist/tex/latex/hyperref/hyperref
.sty
Package: hyperref 2012/11/06 v6.83m Hypertext links for LaTeX

(/math/software/pkg/texlive/texlive-2014/texmf-dist/tex/generic/oberdiek/hobsub
-hyperref.sty
Package: hobsub-hyperref 2012/05/28 v1.13 Bundle oberdiek, subset hyperref (HO)


(/math/software/pkg/texlive/texlive-2014/texmf-dist/tex/generic/oberdiek/hobsub
-generic.sty
Package: hobsub-generic 2012/05/28 v1.13 Bundle oberdiek, subset generic (HO)
Package: hobsub 2012/05/28 v1.13 Construct package bundles (HO)
Package hobsub Info: Skipping package `infwarerr' (already loaded).
Package hobsub Info: Skipping package `ltxcmds' (already loaded).
Package: ifluatex 2010/03/01 v1.3 Provides the ifluatex switch (HO)
Package ifluatex Info: LuaTeX not detected.
Package: ifvtex 2010/03/01 v1.5 Detect VTeX and its facilities (HO)
Package ifvtex Info: VTeX not detected.
Package: intcalc 2007/09/27 v1.1 Expandable calculations with integers (HO)
Package: ifpdf 2011/01/30 v2.3 Provides the ifpdf switch (HO)
Package ifpdf Info: pdfTeX in PDF mode is detected.
Package: etexcmds 2011/02/16 v1.5 Avoid name clashes with e-TeX commands (HO)
Package etexcmds Info: Could not find \expanded.
(etexcmds)             That can mean that you are not using pdfTeX 1.50 or
(etexcmds)             that some package has redefined \expanded.
(etexcmds)             In the latter case, load this package earlier.
Package: kvsetkeys 2012/04/25 v1.16 Key value parser (HO)
Package: kvdefinekeys 2011/04/07 v1.3 Define keys (HO)
Package: pdftexcmds 2011/11/29 v0.20 Utility functions of pdfTeX for LuaTeX (HO
)
Package pdftexcmds Info: LuaTeX not detected.
Package pdftexcmds Info: \pdf@primitive is available.
Package pdftexcmds Info: \pdf@ifprimitive is available.
Package pdftexcmds Info: \pdfdraftmode found.
Package: pdfescape 2011/11/25 v1.13 Implements pdfTeX's escape features (HO)
Package: bigintcalc 2012/04/08 v1.3 Expandable calculations on big integers (HO
)
Package: bitset 2011/01/30 v1.1 Handle bit-vector datatype (HO)
Package: uniquecounter 2011/01/30 v1.2 Provide unlimited unique counter (HO)
)
Package hobsub Info: Skipping package `hobsub' (already loaded).
Package: letltxmacro 2010/09/02 v1.4 Let assignment for LaTeX macros (HO)
Package: hopatch 2012/05/28 v1.2 Wrapper for package hooks (HO)
Package: xcolor-patch 2011/01/30 xcolor patch
Package: atveryend 2011/06/30 v1.8 Hooks at the very end of document (HO)
Package atveryend Info: \enddocument detected (standard20110627).
Package: atbegshi 2011/10/05 v1.16 At begin shipout hook (HO)
Package: refcount 2011/10/16 v3.4 Data extraction from label references (HO)
Package: hycolor 2011/01/30 v1.7 Color options for hyperref/bookmark (HO)
)
(/math/software/pkg/texlive/texlive-2014/texmf-dist/tex/generic/ifxetex/ifxetex
.sty
Package: ifxetex 2010/09/12 v0.6 Provides ifxetex conditional
)
(/math/software/pkg/texlive/texlive-2014/texmf-dist/tex/latex/oberdiek/auxhook.
sty
Package: auxhook 2011/03/04 v1.3 Hooks for auxiliary files (HO)
)
(/math/software/pkg/texlive/texlive-2014/texmf-dist/tex/latex/oberdiek/kvoption
s.sty
Package: kvoptions 2011/06/30 v3.11 Key value format for package options (HO)
)
\@linkdim=\dimen116
\Hy@linkcounter=\count107
\Hy@pagecounter=\count108

(/math/software/pkg/texlive/texlive-2014/texmf-dist/tex/latex/hyperref/pd1enc.d
ef
File: pd1enc.def 2012/11/06 v6.83m Hyperref: PDFDocEncoding definition (HO)
)
\Hy@SavedSpaceFactor=\count109

(/math/software/pkg/texlive/texlive-2014/texmf-dist/tex/latex/latexconfig/hyper
ref.cfg
File: hyperref.cfg 2002/06/06 v1.2 hyperref configuration of TeXLive
)
Package hyperref Info: Hyper figures OFF on input line 4443.
Package hyperref Info: Link nesting OFF on input line 4448.
Package hyperref Info: Hyper index ON on input line 4451.
Package hyperref Info: Plain pages OFF on input line 4458.
Package hyperref Info: Backreferencing ON on input line 4461.
Package hyperref Info: Implicit mode ON; LaTeX internals redefined.
Package hyperref Info: Bookmarks ON on input line 4688.

(/math/software/pkg/texlive/texlive-2014/texmf-dist/tex/latex/hyperref/backref.
sty
Package: backref 2012/07/25 v1.38 Bibliographical back referencing

(/math/software/pkg/texlive/texlive-2014/texmf-dist/tex/latex/oberdiek/rerunfil
echeck.sty
Package: rerunfilecheck 2011/04/15 v1.7 Rerun checks for auxiliary files (HO)
Package uniquecounter Info: New unique counter `rerunfilecheck' on input line 2
82.
))
\c@Hy@tempcnt=\count110
LaTeX Info: Redefining \url on input line 5041.
\XeTeXLinkMargin=\dimen117
\Fld@menulength=\count111
\Field@Width=\dimen118
\Fld@charsize=\dimen119
Package hyperref Info: Hyper figures OFF on input line 6295.
Package hyperref Info: Link nesting OFF on input line 6300.
Package hyperref Info: Hyper index ON on input line 6303.
Package hyperref Info: backreferencing ON on input line 6308.
Package hyperref Info: Link coloring OFF on input line 6315.
Package hyperref Info: Link coloring with OCG OFF on input line 6320.
Package hyperref Info: PDF/A mode OFF on input line 6325.
LaTeX Info: Redefining \ref on input line 6365.
LaTeX Info: Redefining \pageref on input line 6369.
\Hy@abspage=\count112
\c@Item=\count113
\c@Hfootnote=\count114
)

Package hyperref Message: Driver (autodetected): hpdftex.


(/math/software/pkg/texlive/texlive-2014/texmf-dist/tex/latex/hyperref/hpdftex.
def
File: hpdftex.def 2012/11/06 v6.83m Hyperref driver for pdfTeX
\Fld@listcount=\count115
\c@bookmark@seq@number=\count116
\Hy@SectionHShift=\skip51
) (./amsrefs.sty
Package: amsrefs 2013/03/07 v2.14
 (./pcatcode.sty
Package: pcatcode 2002/04/16 v1.04
) (./ifoption.sty
Package: ifoption 2002/03/04 v1.02
) (./rkeyval.sty
Package: rkeyval 2004/05/05 v1.08
\@temptokenb=\toks29
\rsk@toks=\toks30
)
\c@bib=\count117
\@maxlabelwidth=\dimen120
\c@bib@env=\count118
\bib@dbfile=\read1
\alpha@suffix=\count119
\series@index=\count120
)
(/math/software/pkg/texlive/texlive-2014/texmf-dist/tex/latex/harpoon/harpoon.s
ty
Package: harpoon 1994/11/02 Harpoon drawing package by Tobias Kuipers
\argwd=\skip52
\arght=\skip53
)
(/math/software/pkg/texlive/texlive-2014/texmf-dist/tex/generic/xypic/xy.tex
Bootstrap'ing: catcodes, docmode,
(/math/software/pkg/texlive/texlive-2014/texmf-dist/tex/generic/xypic/xyrecat.t
ex)
(/math/software/pkg/texlive/texlive-2014/texmf-dist/tex/generic/xypic/xyidioms.
tex)

 Xy-pic version 3.8.9 <2013/10/06>
 Copyright (c) 1991-2013 by Kristoffer H. Rose <krisrose@tug.org> and others
 Xy-pic is free software: see the User's Guide for details.

Loading kernel: messages; fonts; allocations: state,
\X@c=\dimen121
\Y@c=\dimen122
\U@c=\dimen123
\D@c=\dimen124
\L@c=\dimen125
\R@c=\dimen126
\Edge@c=\toks31
\X@p=\dimen127
\Y@p=\dimen128
\U@p=\dimen129
\D@p=\dimen130
\L@p=\dimen131
\R@p=\dimen132
\Edge@p=\toks32
\X@origin=\dimen133
\Y@origin=\dimen134
\X@xbase=\dimen135
\Y@xbase=\dimen136
\X@ybase=\dimen137
\Y@ybase=\dimen138
\X@min=\dimen139
\Y@min=\dimen140
\X@max=\dimen141
\Y@max=\dimen142
\lastobjectbox@=\box35
\zerodotbox@=\box36
\almostz@=\dimen143
 direction,
\d@X=\dimen144
\d@Y=\dimen145
\K@=\count121
\KK@=\count122
\Direction=\count123
\K@dXdY=\dimen146
\K@dYdX=\dimen147
\xyread@=\read2
\xywrite@=\write3
\csp@=\count124
\quotPTK@=\dimen148

utility macros; pictures: \xy, positions,
\swaptoks@@=\toks33
\connectobjectbox@@=\box37
 objects,
\styletoks@=\toks34
 decorations;
kernel objects: directionals, circles, text; options; algorithms: directions,
edges, connections;  Xy-pic loaded)
(/math/software/pkg/texlive/texlive-2014/texmf-dist/tex/generic/xypic/xyall.tex
 Xy-pic option: All features v.3.8
(/math/software/pkg/texlive/texlive-2014/texmf-dist/tex/generic/xypic/xycurve.t
ex  Xy-pic option: Curve and Spline extension v.3.12 curve,
\crv@cnt@=\count125
\crvpts@=\toks35
\splinebox@=\box38
\splineval@=\dimen149
\splinedepth@=\dimen150
\splinetol@=\dimen151
\splinelength@=\dimen152
 circles,
\L@=\dimen153
 loaded)
(/math/software/pkg/texlive/texlive-2014/texmf-dist/tex/generic/xypic/xyframe.t
ex  Xy-pic option: Frame and Bracket extension v.3.14 loaded)
(/math/software/pkg/texlive/texlive-2014/texmf-dist/tex/generic/xypic/xycmtip.t
ex  Xy-pic option: Computer Modern tip extension v.3.7
(/math/software/pkg/texlive/texlive-2014/texmf-dist/tex/generic/xypic/xytips.te
x  Xy-pic option: More Tips extension v.3.11 loaded) loaded)
(/math/software/pkg/texlive/texlive-2014/texmf-dist/tex/generic/xypic/xyline.te
x  Xy-pic option: Line styles extension v.3.10
\xylinethick@=\dimen154
 loaded)
(/math/software/pkg/texlive/texlive-2014/texmf-dist/tex/generic/xypic/xyrotate.
tex  Xy-pic option: Rotate and Scale extension v.3.8 loaded)
(/math/software/pkg/texlive/texlive-2014/texmf-dist/tex/generic/xypic/xycolor.t
ex  Xy-pic option: Colour extension v.3.11 loaded)
(/math/software/pkg/texlive/texlive-2014/texmf-dist/tex/generic/xypic/xymatrix.
tex  Xy-pic option: Matrix feature v.3.14
\Row=\count126
\Col=\count127
\queue@=\toks36
\queue@@=\toks37
\qcount@=\count128
\qcount@@=\count129
\matrixsize@=\count130
 loaded)
(/math/software/pkg/texlive/texlive-2014/texmf-dist/tex/generic/xypic/xyarrow.t
ex  Xy-pic option: Arrow and Path feature v.3.9 path, \ar, loaded)
(/math/software/pkg/texlive/texlive-2014/texmf-dist/tex/generic/xypic/xygraph.t
ex  Xy-pic option: Graph feature v.3.11 loaded) loaded) (./main.aux
(./cover.aux) (./contents.aux) (./chap1.aux) (./chap2.aux) (./chap3.aux)
(./chap4.aux) (./biblio.aux))
\openout1 = `main.aux'.

LaTeX Font Info:    Checking defaults for OML/cmm/m/it on input line 123.
LaTeX Font Info:    ... okay on input line 123.
LaTeX Font Info:    Checking defaults for T1/cmr/m/n on input line 123.
LaTeX Font Info:    ... okay on input line 123.
LaTeX Font Info:    Checking defaults for OT1/cmr/m/n on input line 123.
LaTeX Font Info:    ... okay on input line 123.
LaTeX Font Info:    Checking defaults for OMS/cmsy/m/n on input line 123.
LaTeX Font Info:    ... okay on input line 123.
LaTeX Font Info:    Checking defaults for OMX/cmex/m/n on input line 123.
LaTeX Font Info:    ... okay on input line 123.
LaTeX Font Info:    Checking defaults for U/cmr/m/n on input line 123.
LaTeX Font Info:    ... okay on input line 123.
LaTeX Font Info:    Checking defaults for TS1/cmr/m/n on input line 123.
LaTeX Font Info:    Try loading font information for TS1+cmr on input line 123.


(/math/software/pkg/texlive/texlive-2014/texmf-dist/tex/latex/base/ts1cmr.fd
File: ts1cmr.fd 2014/09/29 v2.5h Standard LaTeX font definitions
)
LaTeX Font Info:    ... okay on input line 123.
LaTeX Font Info:    Checking defaults for PD1/pdf/m/n on input line 123.
LaTeX Font Info:    ... okay on input line 123.

(/math/software/pkg/texlive/texlive-2014/texmf-dist/tex/context/base/supp-pdf.m
kii
[Loading MPS to PDF converter (version 2006.09.02).]
\scratchcounter=\count131
\scratchdimen=\dimen155
\scratchbox=\box39
\nofMPsegments=\count132
\nofMParguments=\count133
\everyMPshowfont=\toks38
\MPscratchCnt=\count134
\MPscratchDim=\dimen156
\MPnumerator=\count135
\makeMPintoPDFobject=\count136
\everyMPtoPDFconversion=\toks39
)
(/math/software/pkg/texlive/texlive-2014/texmf-dist/tex/latex/oberdiek/epstopdf
-base.sty
Package: epstopdf-base 2010/02/09 v2.5 Base part for package epstopdf

(/math/software/pkg/texlive/texlive-2014/texmf-dist/tex/latex/oberdiek/grfext.s
ty
Package: grfext 2010/08/19 v1.1 Manage graphics extensions (HO)
)
Package grfext Info: Graphics extension search list:
(grfext)             [.png,.pdf,.jpg,.mps,.jpeg,.jbig2,.jb2,.PNG,.PDF,.JPG,.JPE
G,.JBIG2,.JB2,.eps]
(grfext)             \AppendGraphicsExtensions on input line 452.

(/math/software/pkg/texlive/texlive-2014/texmf-dist/tex/latex/latexconfig/epsto
pdf-sys.cfg
File: epstopdf-sys.cfg 2010/07/13 v1.3 Configuration of (r)epstopdf for TeX Liv
e
))
\AtBeginShipoutBox=\box40
Package hyperref Info: Link coloring OFF on input line 123.

(/math/software/pkg/texlive/texlive-2014/texmf-dist/tex/latex/hyperref/nameref.
sty
Package: nameref 2012/10/27 v2.43 Cross-referencing by name of section

(/math/software/pkg/texlive/texlive-2014/texmf-dist/tex/generic/oberdiek/gettit
lestring.sty
Package: gettitlestring 2010/12/03 v1.4 Cleanup title references (HO)
)
\c@section@level=\count137
)
LaTeX Info: Redefining \ref on input line 123.
LaTeX Info: Redefining \pageref on input line 123.
LaTeX Info: Redefining \nameref on input line 123.
 (./main.out) (./main.out)
\@outlinefile=\write4
\openout4 = `main.out'.

 (./main.brf)
\tf@brf=\write5
\openout5 = `main.brf'.

\openout2 = `cover.aux'.

 (./cover.tex [1



{/math/software/pkg/texlive/texlive-2014/texmf-var/fonts/map/pdftex/updmap/pdft
ex.map}]
[2

] (./abstract.tex<<ot1.cmap>><<oml.cmap>><<oms.cmap>><<omx.cmap>>
LaTeX Font Info:    Try loading font information for U+msa on input line 13.

(/math/software/pkg/texlive/texlive-2014/texmf-dist/tex/latex/amsfonts/umsa.fd
File: umsa.fd 2013/01/14 v3.01 AMS symbols A
)
LaTeX Font Info:    Try loading font information for U+msb on input line 13.
(/math/software/pkg/texlive/texlive-2014/texmf-dist/tex/latex/amsfonts/umsb.fd
File: umsb.fd 2013/01/14 v3.01 AMS symbols B
)
LaTeX Font Info:    Try loading font information for U+rsfs on input line 13.

(/math/software/pkg/texlive/texlive-2014/texmf-dist/tex/latex/jknapltx/ursfs.fd
File: ursfs.fd 1998/03/24 rsfs font definition file (jk)
)) [3

] [4

]) [5]
\openout2 = `contents.aux'.

 (./contents.tex [6



] (./main.toc [7])
\tf@toc=\write6
\openout6 = `main.toc'.

) [8]
\openout2 = `chap1.aux'.

 (./chap1.tex
Chapter 1.
LaTeX Font Info:    Try loading font information for T1+cmss on input line 8.
(/math/software/pkg/texlive/texlive-2014/texmf-dist/tex/latex/base/t1cmss.fd
File: t1cmss.fd 2014/09/29 v2.5h Standard LaTeX font definitions
)

Package amsrefs Warning: The form \cite{...}*{...} is recommended
(amsrefs)                instead of \cite[...]{...} on input line 10.

LaTeX Font Info:    Try loading font information for T1+cmtt on input line 10.
(/math/software/pkg/texlive/texlive-2014/texmf-dist/tex/latex/base/t1cmtt.fd
File: t1cmtt.fd 2014/09/29 v2.5h Standard LaTeX font definitions
)
Underfull \hbox (badness 10000) in paragraph at lines 10--10
[][][]\T1/cmr/m/n/10 For an ex-plicit ex-am-ple, see []$\T1/cmtt/m/n/10 http : 
/ / mathoverflow . net / questions / 91909 /
 []

[9



]
Underfull \vbox (badness 1776) has occurred while \output is active []

 [10]
[11] [12]
Underfull \vbox (badness 10000) has occurred while \output is active []

 [13]
Underfull \vbox (badness 1859) has occurred while \output is active []

 [14]
[15]) [16]
\openout2 = `chap2.aux'.

 (./chap2.tex
Chapter 2.
[17



]
Overfull \hbox (32.20491pt too wide) in paragraph at lines 21--23
[]\T1/cmr/m/n/12 Let $\OML/cmm/m/it/12 A \OT1/cmr/m/n/12 = \U/msb/m/n/12 Z\OT1/
cmr/m/n/12 [\OML/cmm/m/it/12 p[]; p[]; [] ; p[]; q[]; q[]; [] ; q[]\OT1/cmr/m/n
/12 ]$ \T1/cmr/m/n/12 and let $\OML/cmm/m/it/12 B \OT1/cmr/m/n/12 = [] \OML/cmm
/m/it/12 A$\T1/cmr/m/n/12 . Let $\OML/cmm/m/it/12 P\OT1/cmr/m/n/12 (\OML/cmm/m/
it/12 x; z\OT1/cmr/m/n/12 ) = [][] \OML/cmm/m/it/12 p[]x[]z[]$
 []

[18] [19] [20] [21]
Underfull \vbox (badness 10000) has occurred while \output is active []

 [22]
Overfull \hbox (20.99551pt too wide) in paragraph at lines 122--124
[][]\T1/cmr/bx/n/12 Lemma 2.3.3. []\T1/cmr/m/n/12 [[][]Liu94[], Propo-si-tion 1
][] \T1/cmr/m/it/12 Let $\OML/cmm/m/it/12 f$ \T1/cmr/m/it/12 be the con-duc-tor
 of the $\OML/cmm/m/it/12 G$\T1/cmr/m/it/12 -representation $\OML/cmm/m/it/12 H
[]\OT1/cmr/m/n/12 (\OML/cmm/m/it/12 X[]; \U/msb/m/n/12 Q[]\OT1/cmr/m/n/12 )$\T1
/cmr/m/it/12 .
 []

[23] [24] [25] <xymatrix 8x3 426> [26] [27] [28]

Package hyperref Warning: Token not allowed in a PDF string (PDFDocEncoding):
(hyperref)                removing `math shift' on input line 227.


Package hyperref Warning: Token not allowed in a PDF string (PDFDocEncoding):
(hyperref)                removing `math shift' on input line 227.

[29] [30] [31] [32]
Underfull \vbox (badness 10000) has occurred while \output is active []

 [33]
[34] [35] [36] [37]) [38]
\openout2 = `chap3.aux'.

 (./chap3.tex
Chapter 3.
LaTeX Font Info:    Try loading font information for U+euf on input line 13.
(/math/software/pkg/texlive/texlive-2014/texmf-dist/tex/latex/amsfonts/ueuf.fd
File: ueuf.fd 2013/01/14 v3.01 Euler Fraktur
)
Underfull \vbox (badness 4621) has occurred while \output is active []

 [39



]
[40] [41] [42] [43] [44]
Underfull \vbox (badness 10000) has occurred while \output is active []

 [45]
Underfull \vbox (badness 10000) has occurred while \output is active []

 [46]
[47]
Overfull \hbox (5.29926pt too wide) detected at line 148
\OMS/cmsy/m/n/12 ^^@ []\OT1/cmr/m/n/12 (\OML/cmm/m/it/12 X=S\OT1/cmr/m/n/12 ) =
 [] [] \OML/cmm/m/it/12 :
 []

[48] [49] [50] [51] [52] [53] [54] [55] [56] [57] [58]
Overfull \hbox (6.72136pt too wide) in paragraph at lines 353--354
[]\T1/cmr/m/it/12 We have that $\OT1/cmr/m/n/12 #\OML/cmm/m/it/12 N\OT1/cmr/m/n
/12 (\OML/cmm/m/it/12 u[]\OT1/cmr/m/n/12 ) = 1$ \T1/cmr/m/it/12 if $\OML/cmm/m/
it/12  \OT1/cmr/m/n/12 (^^@[])$ \T1/cmr/m/it/12 be-longs to a unique odd com-po
-nent of $\OT1/cmr/m/n/12 ([][](\U/msb/m/n/12 P[]\OT1/cmr/m/n/12 ))[]$\T1/cmr/m
/it/12 ,
 []

[59] [60] [61]
Underfull \vbox (badness 10000) has occurred while \output is active []

 [62]

Package hyperref Warning: Token not allowed in a PDF string (PDFDocEncoding):
(hyperref)                removing `math shift' on input line 413.


Package hyperref Warning: Token not allowed in a PDF string (PDFDocEncoding):
(hyperref)                removing `math shift' on input line 413.


Package hyperref Warning: Token not allowed in a PDF string (PDFDocEncoding):
(hyperref)                removing `math shift' on input line 413.


Package hyperref Warning: Token not allowed in a PDF string (PDFDocEncoding):
(hyperref)                removing `math shift' on input line 413.

[63] [64] [65]
Overfull \hbox (1.82925pt too wide) in paragraph at lines 482--483
[]\T1/cmr/m/n/12 Part (g) tells us that $\OT1/cmr/m/n/12 ^^@[]$ \T1/cmr/m/n/12 
in-ter-sects the branch lo-cus of $\OML/cmm/m/it/12  []$\T1/cmr/m/n/12 . Since 
$\OML/cmm/m/it/12 w$ \T1/cmr/m/n/12 is even, Lemma []3.7.5[](b)
 []

[66]
Overfull \hbox (0.52306pt too wide) in paragraph at lines 492--493
[]\T1/cmr/m/n/12 Suppose $\OML/cmm/m/it/12 l[] \OT1/cmr/m/n/12 = 0$\T1/cmr/m/n/
12 . Part (f) tells us that $\OT1/cmr/m/n/12 ^^@[]$ \T1/cmr/m/n/12 does not in-
ter-sect the branch lo-cus. Lemma []3.7.8[]
 []

[67]
Underfull \vbox (badness 10000) has occurred while \output is active []

 [68]
[69] [70]

Package hyperref Warning: Token not allowed in a PDF string (PDFDocEncoding):
(hyperref)                removing `math shift' on input line 576.


Package hyperref Warning: Token not allowed in a PDF string (PDFDocEncoding):
(hyperref)                removing `math shift' on input line 576.


Package hyperref Warning: Token not allowed in a PDF string (PDFDocEncoding):
(hyperref)                removing `math shift' on input line 576.


Package hyperref Warning: Token not allowed in a PDF string (PDFDocEncoding):
(hyperref)                removing `math shift' on input line 576.

[71]
Overfull \hbox (14.76234pt too wide) in paragraph at lines 604--605
[]\T1/cmr/m/n/12 Suppose $\OML/cmm/m/it/12 p[]$ \T1/cmr/m/n/12 is odd. Let $\OM
L/cmm/m/it/12 u \OT1/cmr/m/n/12 = \OML/cmm/m/it/12 p[]$\T1/cmr/m/n/12 . Let $\O
ML/cmm/m/it/12 T[]; T[]; T[]$ \T1/cmr/m/n/12 be the par-ti-tion of $\OML/cmm/m/
it/12 '[]\OT1/cmr/m/n/12 (\OML/cmm/m/it/12 u\OT1/cmr/m/n/12 )$ \T1/cmr/m/n/12 a
s in Lemma []3.7.5[](c).
 []

[72] [73]
Underfull \vbox (badness 10000) has occurred while \output is active []

 [74]
Overfull \hbox (46.19627pt too wide) in paragraph at lines 672--673
[]\T1/cmr/m/n/12 Let $\OML/cmm/m/it/12 S[] \OT1/cmr/m/n/12 = \OML/cmm/m/it/12 S
[]\OT1/cmr/m/n/12 (\OML/cmm/m/it/12 v\OT1/cmr/m/n/12 )$\T1/cmr/m/n/12 . Let $[]
$ be the unique el-e-ment of $\OML/cmm/m/it/12 S[]\OT1/cmr/m/n/12 (\OML/cmm/m/i
t/12 v\OT1/cmr/m/n/12 )$\T1/cmr/m/n/12 . Sup-pose $\OML/cmm/m/it/12 v[] \OMS/cm
sy/m/n/12 2 \OML/cmm/m/it/12 S[]$\T1/cmr/m/n/12 . Lemma []3.7.5[](c)(iii,viii)
 []


Overfull \hbox (21.15332pt too wide) in paragraph at lines 674--676
[]\T1/cmr/m/n/12 Since $\OML/cmm/m/it/12  \OT1/cmr/m/n/12 (^^@[])$ \T1/cmr/m/n/
12 is a point that be-longs to two odd com-po-nents of $\OT1/cmr/m/n/12 ([][](\
U/msb/m/n/12 P[]\OT1/cmr/m/n/12 ))[]$\T1/cmr/m/n/12 , Lemma []3.7.7[](a)(i,ii)
 []

[75]
Overfull \hbox (40.99294pt too wide) in paragraph at lines 692--693
[]\T1/cmr/m/n/12 Since $\OML/cmm/m/it/12  \OT1/cmr/m/n/12 (^^@[])$ \T1/cmr/m/n/
12 is a point that be-longs to a unique odd com-po-nent of $\OT1/cmr/m/n/12 ([]
[](\U/msb/m/n/12 P[]\OT1/cmr/m/n/12 ))[]$\T1/cmr/m/n/12 , Lemma []3.7.7[](a)(i,
ii)
 []


Package hyperref Warning: Token not allowed in a PDF string (PDFDocEncoding):
(hyperref)                removing `math shift' on input line 715.


Package hyperref Warning: Token not allowed in a PDF string (PDFDocEncoding):
(hyperref)                removing `math shift' on input line 715.

[76]
Overfull \hbox (27.50914pt too wide) detected at line 753
[] [] \OMS/cmsy/m/n/12 ^^@ [] \OT1/cmr/m/n/12 + [] [] = 0\OML/cmm/m/it/12 :
 []


Underfull \vbox (badness 1540) has occurred while \output is active []

 [77]
[78]
Overfull \hbox (21.01192pt too wide) in paragraph at lines 779--780
[]\T1/cmr/m/n/12 The sum of the left hand sides of the three equal-i-ties in Le
mma []3.8.2[] equals $[][] \OML/cmm/m/it/12 E\OT1/cmr/m/n/12 (\OML/cmm/m/it/12 
v\OT1/cmr/m/n/12 )$\T1/cmr/m/n/12 ,
 []

[79]
Underfull \vbox (badness 10000) has occurred while \output is active []

 [80]
Underfull \vbox (badness 10000) has occurred while \output is active []

 [81]
[82]
Underfull \vbox (badness 10000) has occurred while \output is active []

 [83]
[84]) [85]
\openout2 = `chap4.aux'.

 (./chap4.tex [86



]
Chapter 4.

Overfull \hbox (17.8571pt too wide) in paragraph at lines 9--9
[]\T1/cmr/bx/n/17.28 Explicit com-pu-ta-tion of the or-ders of com-po-nent grou
ps 
 []

[87]
Underfull \vbox (badness 10000) has occurred while \output is active []

 [88]
[89] [90] <contraction.jpeg, id=1338, 465.99094pt x 398.23781pt>
File: contraction.jpeg Graphic file (type jpg)

<use contraction.jpeg>
Package pdftex.def Info: contraction.jpeg used on input line 91.
(pdftex.def)             Requested size: 279.59671pt x 238.94452pt.

Underfull \vbox (badness 10000) has occurred while \output is active []

 [91]
<xymatrix 5x3 342> [92 <./contraction.jpeg>] [93] [94] [95] [96]
Underfull \vbox (badness 10000) has occurred while \output is active []

 [97]

Package hyperref Warning: Token not allowed in a PDF string (PDFDocEncoding):
(hyperref)                removing `math shift' on input line 204.


Package hyperref Warning: Token not allowed in a PDF string (PDFDocEncoding):
(hyperref)                removing `\setbox' on input line 204.


Package hyperref Warning: Token not allowed in a PDF string (PDFDocEncoding):
(hyperref)                removing `\z@' on input line 204.


Package hyperref Warning: Token not allowed in a PDF string (PDFDocEncoding):
(hyperref)                removing `\hbox' on input line 204.


Package hyperref Warning: Token not allowed in a PDF string (PDFDocEncoding):
(hyperref)                removing `\frozen@everymath' on input line 204.


Package hyperref Warning: Token not allowed in a PDF string (PDFDocEncoding):
(hyperref)                removing `\@emptytoks' on input line 204.


Package hyperref Warning: Token not allowed in a PDF string (PDFDocEncoding):
(hyperref)                removing `\mathsurround' on input line 204.


Package hyperref Warning: Token not allowed in a PDF string (PDFDocEncoding):
(hyperref)                removing `\z@' on input line 204.


Package hyperref Warning: Token not allowed in a PDF string (PDFDocEncoding):
(hyperref)                removing `math shift' on input line 204.


Package hyperref Warning: Token not allowed in a PDF string (PDFDocEncoding):
(hyperref)                removing `\textstyle' on input line 204.


Package hyperref Warning: Token not allowed in a PDF string (PDFDocEncoding):
(hyperref)                removing `math shift' on input line 204.


Package hyperref Warning: Token not allowed in a PDF string (PDFDocEncoding):
(hyperref)                removing `\mathaccent' on input line 204.


Package hyperref Warning: Token not allowed in a PDF string (PDFDocEncoding):
(hyperref)                removing `math shift' on input line 204.


Underfull \vbox (badness 10000) has occurred while \output is active []

 [98]
[99]
Underfull \vbox (badness 10000) has occurred while \output is active []

 [100]
Underfull \vbox (badness 2486) has occurred while \output is active []

 [101])
[102]
\openout2 = `biblio.aux'.

 (./biblio.tex (./main.bbl [103



])) [104]
Package atveryend Info: Empty hook `BeforeClearDocument' on input line 140.
Package atveryend Info: Empty hook `AfterLastShipout' on input line 140.
 (./main.aux (./cover.aux)
(./contents.aux) (./chap1.aux) (./chap2.aux) (./chap3.aux) (./chap4.aux)
(./biblio.aux))
Package atveryend Info: Executing hook `AtVeryEndDocument' on input line 140.
Package atveryend Info: Executing hook `AtEndAfterFileList' on input line 140.
Package rerunfilecheck Info: File `main.out' has not changed.
(rerunfilecheck)             Checksum: AFA848E909106E45B1A0FD25CB9459D3;3183.
Package atveryend Info: Empty hook `AtVeryVeryEnd' on input line 140.
 ) 
Here is how much of TeX's memory you used:
 11275 strings out of 493109
 154310 string characters out of 6127836
 278721 words of memory out of 5000000
 13943 multiletter control sequences out of 15000+600000
 34787 words of font info for 100 fonts, out of 8000000 for 9000
 1141 hyphenation exceptions out of 8191
 32i,22n,35p,2128b,738s stack positions out of 5000i,500n,10000p,200000b,80000s
{/math/software/pkg/texlive/texlive-2014/texmf-dist/fonts/enc/dvips/cm-super/
cm-super-t1.enc}{/math/software/pkg/texlive/texlive-2014/texmf-dist/fonts/enc/d
vips/cm-super/cm-super-ts1.enc}</math/software/pkg/texlive/texlive-2014/texmf-d
ist/fonts/type1/public/amsfonts/cm/cmbx12.pfb></math/software/pkg/texlive/texli
ve-2014/texmf-dist/fonts/type1/public/amsfonts/cm/cmbx8.pfb></math/software/pkg
/texlive/texlive-2014/texmf-dist/fonts/type1/public/amsfonts/cm/cmex10.pfb></ma
th/software/pkg/texlive/texlive-2014/texmf-dist/fonts/type1/public/amsfonts/cme
xtra/cmex8.pfb></math/software/pkg/texlive/texlive-2014/texmf-dist/fonts/type1/
public/amsfonts/cm/cmmi10.pfb></math/software/pkg/texlive/texlive-2014/texmf-di
st/fonts/type1/public/amsfonts/cm/cmmi12.pfb></math/software/pkg/texlive/texliv
e-2014/texmf-dist/fonts/type1/public/amsfonts/cm/cmmi6.pfb></math/software/pkg/
texlive/texlive-2014/texmf-dist/fonts/type1/public/amsfonts/cm/cmmi8.pfb></math
/software/pkg/texlive/texlive-2014/texmf-dist/fonts/type1/public/amsfonts/cm/cm
r10.pfb></math/software/pkg/texlive/texlive-2014/texmf-dist/fonts/type1/public/
amsfonts/cm/cmr12.pfb></math/software/pkg/texlive/texlive-2014/texmf-dist/fonts
/type1/public/amsfonts/cm/cmr6.pfb></math/software/pkg/texlive/texlive-2014/tex
mf-dist/fonts/type1/public/amsfonts/cm/cmr7.pfb></math/software/pkg/texlive/tex
live-2014/texmf-dist/fonts/type1/public/amsfonts/cm/cmr8.pfb></math/software/pk
g/texlive/texlive-2014/texmf-dist/fonts/type1/public/amsfonts/cm/cmsy10.pfb></m
ath/software/pkg/texlive/texlive-2014/texmf-dist/fonts/type1/public/amsfonts/cm
/cmsy6.pfb></math/software/pkg/texlive/texlive-2014/texmf-dist/fonts/type1/publ
ic/amsfonts/cm/cmsy8.pfb></math/software/pkg/texlive/texlive-2014/texmf-dist/fo
nts/type1/public/amsfonts/euler/eufm10.pfb></math/software/pkg/texlive/texlive-
2014/texmf-dist/fonts/type1/public/amsfonts/symbols/msam10.pfb></math/software/
pkg/texlive/texlive-2014/texmf-dist/fonts/type1/public/amsfonts/symbols/msbm10.
pfb></math/software/pkg/texlive/texlive-2014/texmf-dist/fonts/type1/public/amsf
onts/symbols/msbm7.pfb></math/software/pkg/texlive/texlive-2014/texmf-dist/font
s/type1/public/rsfs/rsfs10.pfb></math/software/pkg/texlive/texlive-2014/texmf-d
ist/fonts/type1/public/cm-super/sfbx1000.pfb></math/software/pkg/texlive/texliv
e-2014/texmf-dist/fonts/type1/public/cm-super/sfbx1200.pfb></math/software/pkg/
texlive/texlive-2014/texmf-dist/fonts/type1/public/cm-super/sfbx1440.pfb></math
/software/pkg/texlive/texlive-2014/texmf-dist/fonts/type1/public/cm-super/sfbx1
728.pfb></math/software/pkg/texlive/texlive-2014/texmf-dist/fonts/type1/public/
cm-super/sfbx2488.pfb></math/software/pkg/texlive/texlive-2014/texmf-dist/fonts
/type1/public/cm-super/sfrm0700.pfb></math/software/pkg/texlive/texlive-2014/te
xmf-dist/fonts/type1/public/cm-super/sfrm0800.pfb></math/software/pkg/texlive/t
exlive-2014/texmf-dist/fonts/type1/public/cm-super/sfrm1000.pfb></math/software
/pkg/texlive/texlive-2014/texmf-dist/fonts/type1/public/cm-super/sfrm1200.pfb><
/math/software/pkg/texlive/texlive-2014/texmf-dist/fonts/type1/public/cm-super/
sfrm1440.pfb></math/software/pkg/texlive/texlive-2014/texmf-dist/fonts/type1/pu
blic/cm-super/sfrm1728.pfb></math/software/pkg/texlive/texlive-2014/texmf-dist/
fonts/type1/public/cm-super/sfss1200.pfb></math/software/pkg/texlive/texlive-20
14/texmf-dist/fonts/type1/public/cm-super/sfti1000.pfb></math/software/pkg/texl
ive/texlive-2014/texmf-dist/fonts/type1/public/cm-super/sfti1200.pfb></math/sof
tware/pkg/texlive/texlive-2014/texmf-dist/fonts/type1/public/cm-super/sftt1000.
pfb></math/software/pkg/texlive/texlive-2014/texmf-dist/fonts/type1/public/xypi
c/xyatip10.pfb></math/software/pkg/texlive/texlive-2014/texmf-dist/fonts/type1/
public/xypic/xybtip10.pfb>
Output written on main.pdf (104 pages, 854305 bytes).
PDF statistics:
 1800 PDF objects out of 2073 (max. 8388607)
 1500 compressed objects within 15 object streams
 443 named destinations out of 1000 (max. 500000)
 338 words of extra memory for PDF output out of 10000 (max. 10000000)

